2026-02-25 19:25:46,282 | INFO |[31m[1mWARNING: This is a development server. Do not use it in a production deployment. Use a production WSGI server instead.[0m
 * Running on http://127.0.0.1:5000
2026-02-25 19:25:46,285 | INFO |[33mPress CTRL+C to quit[0m
2026-02-25 19:26:31,993 | INFO |127.0.0.1 - - [25/Feb/2026 19:26:31] "[31m[1mGET /transactions HTTP/1.1[0m" 401 -
2026-02-25 19:26:32,236 | INFO |127.0.0.1 - - [25/Feb/2026 19:26:32] "[33mGET /favicon.ico HTTP/1.1[0m" 404 -
2026-02-25 19:26:53,732 | INFO |127.0.0.1 - - [25/Feb/2026 19:26:53] "OPTIONS /login HTTP/1.1" 200 -
2026-02-25 19:26:54,293 | INFO |127.0.0.1 - - [25/Feb/2026 19:26:54] "POST /login HTTP/1.1" 200 -
2026-02-25 19:28:28,299 | INFO |127.0.0.1 - - [25/Feb/2026 19:28:28] "OPTIONS /login HTTP/1.1" 200 -
2026-02-25 19:28:28,832 | INFO |127.0.0.1 - - [25/Feb/2026 19:28:28] "POST /login HTTP/1.1" 200 -
2026-02-25 19:30:39,768 | INFO |127.0.0.1 - - [25/Feb/2026 19:30:39] "OPTIONS /payment HTTP/1.1" 200 -
2026-02-25 19:30:40,092 | INFO |127.0.0.1 - - [25/Feb/2026 19:30:40] "[31m[1mPOST /payment HTTP/1.1[0m" 401 -
2026-02-25 19:30:41,222 | INFO |127.0.0.1 - - [25/Feb/2026 19:30:41] "OPTIONS /payment HTTP/1.1" 200 -
2026-02-25 19:30:41,232 | INFO |127.0.0.1 - - [25/Feb/2026 19:30:41] "[31m[1mPOST /payment HTTP/1.1[0m" 401 -
2026-02-25 19:30:49,288 | INFO |127.0.0.1 - - [25/Feb/2026 19:30:49] "OPTIONS /payment HTTP/1.1" 200 -
2026-02-25 19:30:49,602 | INFO |127.0.0.1 - - [25/Feb/2026 19:30:49] "[31m[1mPOST /payment HTTP/1.1[0m" 401 -
2026-02-25 19:30:52,134 | INFO |127.0.0.1 - - [25/Feb/2026 19:30:52] "OPTIONS /payment HTTP/1.1" 200 -
2026-02-25 19:30:52,144 | INFO |127.0.0.1 - - [25/Feb/2026 19:30:52] "[31m[1mPOST /payment HTTP/1.1[0m" 401 -
2026-02-25 19:31:24,676 | INFO |127.0.0.1 - - [25/Feb/2026 19:31:24] "OPTIONS /payment HTTP/1.1" 200 -
2026-02-25 19:31:25,003 | INFO |127.0.0.1 - - [25/Feb/2026 19:31:25] "[31m[1mPOST /payment HTTP/1.1[0m" 401 -
2026-02-25 19:31:46,128 | INFO |127.0.0.1 - - [25/Feb/2026 19:31:46] "OPTIONS /login HTTP/1.1" 200 -
2026-02-25 19:31:46,330 | INFO |127.0.0.1 - - [25/Feb/2026 19:31:46] "POST /login HTTP/1.1" 200 -
2026-02-25 19:31:58,913 | ERROR |Exception on /payment [OPTIONS]
Traceback (most recent call last):
  File "C:\Users\joshn\AppData\Local\Programs\Python\Python312\Lib\site-packages\flask\app.py", line 865, in full_dispatch_request
    rv = self.preprocess_request()
         ^^^^^^^^^^^^^^^^^^^^^^^^^
  File "C:\Users\joshn\AppData\Local\Programs\Python\Python312\Lib\site-packages\flask\app.py", line 1239, in preprocess_request
    rv = self.ensure_sync(before_func)()
         ^^^^^^^^^^^^^^^^^^^^^^^^^^^^^^^
  File "C:\Users\joshn\AppData\Local\Programs\Python\Python312\Lib\site-packages\flask_limiter\_extension.py", line 1156, in _check_request_limit
    raise e
  File "C:\Users\joshn\AppData\Local\Programs\Python\Python312\Lib\site-packages\flask_limiter\_extension.py", line 1153, in _check_request_limit
    self.__evaluate_limits(endpoint, all_limits)
  File "C:\Users\joshn\AppData\Local\Programs\Python\Python312\Lib\site-packages\flask_limiter\_extension.py", line 1137, in __evaluate_limits
    raise RateLimitExceeded(
flask_limiter.errors.RateLimitExceeded: 429 Too Many Requests: 10 per 1 hour

During handling of the above exception, another exception occurred:

Traceback (most recent call last):
  File "C:\Users\joshn\AppData\Local\Programs\Python\Python312\Lib\site-packages\flask\app.py", line 1455, in wsgi_app
    response = self.full_dispatch_request()
               ^^^^^^^^^^^^^^^^^^^^^^^^^^^^
  File "C:\Users\joshn\AppData\Local\Programs\Python\Python312\Lib\site-packages\flask\app.py", line 869, in full_dispatch_request
    rv = self.handle_user_exception(e)
         ^^^^^^^^^^^^^^^^^^^^^^^^^^^^^
  File "C:\Users\joshn\AppData\Local\Programs\Python\Python312\Lib\site-packages\flask_cors\extension.py", line 176, in wrapped_function
    return cors_after_request(app.make_response(f(*args, **kwargs)))
                                                ^^^^^^^^^^^^^^^^^^
  File "C:\Users\joshn\AppData\Local\Programs\Python\Python312\Lib\site-packages\flask\app.py", line 752, in handle_user_exception
    return self.handle_http_exception(e)
           ^^^^^^^^^^^^^^^^^^^^^^^^^^^^^
  File "C:\Users\joshn\AppData\Local\Programs\Python\Python312\Lib\site-packages\flask\app.py", line 727, in handle_http_exception
    return self.ensure_sync(handler)(e)
           ^^^^^^^^^^^^^^^^^^^^^^^^^^^^
  File "D:\placements\securin\secure-payment\server\server.py", line 50, in handle_rate
    log_security_event(
TypeError: log_security_event() got an unexpected keyword argument 'event_type'
2026-02-25 19:31:58,950 | INFO |127.0.0.1 - - [25/Feb/2026 19:31:58] "[35m[1mOPTIONS /payment HTTP/1.1[0m" 500 -
2026-02-25 19:33:23,989 | INFO |[31m[1mWARNING: This is a development server. Do not use it in a production deployment. Use a production WSGI server instead.[0m
 * Running on http://127.0.0.1:5000
2026-02-25 19:33:23,989 | INFO |[33mPress CTRL+C to quit[0m
2026-02-25 19:33:40,084 | INFO |127.0.0.1 - - [25/Feb/2026 19:33:40] "OPTIONS /login HTTP/1.1" 200 -
2026-02-25 19:33:40,607 | INFO |127.0.0.1 - - [25/Feb/2026 19:33:40] "POST /login HTTP/1.1" 200 -
2026-02-25 19:33:51,125 | INFO |127.0.0.1 - - [25/Feb/2026 19:33:51] "OPTIONS /payment HTTP/1.1" 200 -
2026-02-25 19:33:51,444 | INFO |127.0.0.1 - - [25/Feb/2026 19:33:51] "[31m[1mPOST /payment HTTP/1.1[0m" 401 -
2026-02-25 19:33:59,062 | INFO |127.0.0.1 - - [25/Feb/2026 19:33:59] "[31m[1mGET /payment HTTP/1.1[0m" 405 -
2026-02-25 19:33:59,369 | INFO |127.0.0.1 - - [25/Feb/2026 19:33:59] "[33mGET /favicon.ico HTTP/1.1[0m" 404 -
2026-02-25 19:34:52,190 | INFO |[31m[1mWARNING: This is a development server. Do not use it in a production deployment. Use a production WSGI server instead.[0m
 * Running on http://127.0.0.1:5000
2026-02-25 19:34:52,191 | INFO |[33mPress CTRL+C to quit[0m
2026-02-25 19:35:03,670 | INFO |127.0.0.1 - - [25/Feb/2026 19:35:03] "OPTIONS /login HTTP/1.1" 200 -
2026-02-25 19:35:04,198 | INFO |127.0.0.1 - - [25/Feb/2026 19:35:04] "POST /login HTTP/1.1" 200 -
2026-02-25 19:35:15,816 | INFO |127.0.0.1 - - [25/Feb/2026 19:35:15] "OPTIONS /payment HTTP/1.1" 200 -
2026-02-25 19:35:15,821 | INFO |127.0.0.1 - - [25/Feb/2026 19:35:15] "[31m[1mPOST /payment HTTP/1.1[0m" 401 -
2026-02-25 19:36:12,597 | INFO |[31m[1mWARNING: This is a development server. Do not use it in a production deployment. Use a production WSGI server instead.[0m
 * Running on http://127.0.0.1:5000
2026-02-25 19:36:12,597 | INFO |[33mPress CTRL+C to quit[0m
2026-02-25 19:36:58,476 | INFO |127.0.0.1 - - [25/Feb/2026 19:36:58] "OPTIONS /login HTTP/1.1" 200 -
2026-02-25 19:36:58,974 | INFO |127.0.0.1 - - [25/Feb/2026 19:36:58] "POST /login HTTP/1.1" 200 -
2026-02-25 19:37:09,816 | INFO |127.0.0.1 - - [25/Feb/2026 19:37:09] "OPTIONS /payment HTTP/1.1" 200 -
2026-02-25 19:37:09,869 | INFO |127.0.0.1 - - [25/Feb/2026 19:37:09] "POST /payment HTTP/1.1" 200 -
2026-02-25 21:51:36,803 | INFO |[31m[1mWARNING: This is a development server. Do not use it in a production deployment. Use a production WSGI server instead.[0m
 * Running on http://127.0.0.1:5000
2026-02-25 21:51:36,804 | INFO |[33mPress CTRL+C to quit[0m
2026-02-25 22:18:18,195 | INFO |127.0.0.1 - - [25/Feb/2026 22:18:18] "OPTIONS /login HTTP/1.1" 200 -
2026-02-25 22:18:18,684 | INFO |127.0.0.1 - - [25/Feb/2026 22:18:18] "[35m[1mPOST /login HTTP/1.1[0m" 500 -
2026-02-25 22:18:20,313 | INFO |127.0.0.1 - - [25/Feb/2026 22:18:20] "OPTIONS /login HTTP/1.1" 200 -
2026-02-25 22:18:20,408 | INFO |127.0.0.1 - - [25/Feb/2026 22:18:20] "[35m[1mPOST /login HTTP/1.1[0m" 500 -
2026-02-25 22:18:21,439 | INFO |127.0.0.1 - - [25/Feb/2026 22:18:21] "OPTIONS /login HTTP/1.1" 200 -
2026-02-25 22:18:21,869 | INFO |127.0.0.1 - - [25/Feb/2026 22:18:21] "[35m[1mPOST /login HTTP/1.1[0m" 500 -
2026-02-25 22:18:23,137 | INFO |127.0.0.1 - - [25/Feb/2026 22:18:23] "OPTIONS /login HTTP/1.1" 200 -
2026-02-25 22:18:23,243 | INFO |127.0.0.1 - - [25/Feb/2026 22:18:23] "[35m[1mPOST /login HTTP/1.1[0m" 500 -
2026-02-25 22:18:23,908 | INFO |127.0.0.1 - - [25/Feb/2026 22:18:23] "OPTIONS /login HTTP/1.1" 200 -
2026-02-25 22:18:24,064 | INFO |127.0.0.1 - - [25/Feb/2026 22:18:24] "OPTIONS /login HTTP/1.1" 200 -
2026-02-25 22:18:24,163 | INFO |127.0.0.1 - - [25/Feb/2026 22:18:24] "OPTIONS /login HTTP/1.1" 200 -
2026-02-25 22:18:24,252 | INFO |127.0.0.1 - - [25/Feb/2026 22:18:24] "OPTIONS /login HTTP/1.1" 200 -
2026-02-25 22:18:24,328 | INFO |127.0.0.1 - - [25/Feb/2026 22:18:24] "[35m[1mPOST /login HTTP/1.1[0m" 500 -
2026-02-25 22:18:24,382 | ERROR |Exception on /login [POST]
Traceback (most recent call last):
  File "C:\Users\joshn\AppData\Local\Programs\Python\Python312\Lib\site-packages\flask\app.py", line 867, in full_dispatch_request
    rv = self.dispatch_request()
         ^^^^^^^^^^^^^^^^^^^^^^^
  File "C:\Users\joshn\AppData\Local\Programs\Python\Python312\Lib\site-packages\flask\app.py", line 852, in dispatch_request
    return self.ensure_sync(self.view_functions[rule.endpoint])(**view_args)
           ^^^^^^^^^^^^^^^^^^^^^^^^^^^^^^^^^^^^^^^^^^^^^^^^^^^^^^^^^^^^^^^^^
  File "C:\Users\joshn\AppData\Local\Programs\Python\Python312\Lib\site-packages\flask_limiter\_limits.py", line 324, in __inner
    self.limiter._check_request_limit(in_middleware=False, callable_name=name)
  File "C:\Users\joshn\AppData\Local\Programs\Python\Python312\Lib\site-packages\flask_limiter\_extension.py", line 1156, in _check_request_limit
    raise e
  File "C:\Users\joshn\AppData\Local\Programs\Python\Python312\Lib\site-packages\flask_limiter\_extension.py", line 1153, in _check_request_limit
    self.__evaluate_limits(endpoint, all_limits)
  File "C:\Users\joshn\AppData\Local\Programs\Python\Python312\Lib\site-packages\flask_limiter\_extension.py", line 1137, in __evaluate_limits
    raise RateLimitExceeded(
flask_limiter.errors.RateLimitExceeded: 429 Too Many Requests: 5 per 1 minute

During handling of the above exception, another exception occurred:

Traceback (most recent call last):
  File "C:\Users\joshn\AppData\Local\Programs\Python\Python312\Lib\site-packages\flask\app.py", line 1455, in wsgi_app
    response = self.full_dispatch_request()
               ^^^^^^^^^^^^^^^^^^^^^^^^^^^^
  File "C:\Users\joshn\AppData\Local\Programs\Python\Python312\Lib\site-packages\flask\app.py", line 869, in full_dispatch_request
    rv = self.handle_user_exception(e)
         ^^^^^^^^^^^^^^^^^^^^^^^^^^^^^
  File "C:\Users\joshn\AppData\Local\Programs\Python\Python312\Lib\site-packages\flask_cors\extension.py", line 176, in wrapped_function
    return cors_after_request(app.make_response(f(*args, **kwargs)))
                                                ^^^^^^^^^^^^^^^^^^
  File "C:\Users\joshn\AppData\Local\Programs\Python\Python312\Lib\site-packages\flask\app.py", line 752, in handle_user_exception
    return self.handle_http_exception(e)
           ^^^^^^^^^^^^^^^^^^^^^^^^^^^^^
  File "C:\Users\joshn\AppData\Local\Programs\Python\Python312\Lib\site-packages\flask\app.py", line 727, in handle_http_exception
    return self.ensure_sync(handler)(e)
           ^^^^^^^^^^^^^^^^^^^^^^^^^^^^
  File "D:\placements\securin\secure-payment\server\server.py", line 49, in handle_rate
    log_security_event(
TypeError: log_security_event() got an unexpected keyword argument 'event_type'
2026-02-25 22:18:24,408 | INFO |127.0.0.1 - - [25/Feb/2026 22:18:24] "[35m[1mPOST /login HTTP/1.1[0m" 500 -
2026-02-25 22:18:24,471 | ERROR |Exception on /login [POST]
Traceback (most recent call last):
  File "C:\Users\joshn\AppData\Local\Programs\Python\Python312\Lib\site-packages\flask\app.py", line 867, in full_dispatch_request
    rv = self.dispatch_request()
         ^^^^^^^^^^^^^^^^^^^^^^^
  File "C:\Users\joshn\AppData\Local\Programs\Python\Python312\Lib\site-packages\flask\app.py", line 852, in dispatch_request
    return self.ensure_sync(self.view_functions[rule.endpoint])(**view_args)
           ^^^^^^^^^^^^^^^^^^^^^^^^^^^^^^^^^^^^^^^^^^^^^^^^^^^^^^^^^^^^^^^^^
  File "C:\Users\joshn\AppData\Local\Programs\Python\Python312\Lib\site-packages\flask_limiter\_limits.py", line 324, in __inner
    self.limiter._check_request_limit(in_middleware=False, callable_name=name)
  File "C:\Users\joshn\AppData\Local\Programs\Python\Python312\Lib\site-packages\flask_limiter\_extension.py", line 1156, in _check_request_limit
    raise e
  File "C:\Users\joshn\AppData\Local\Programs\Python\Python312\Lib\site-packages\flask_limiter\_extension.py", line 1153, in _check_request_limit
    self.__evaluate_limits(endpoint, all_limits)
  File "C:\Users\joshn\AppData\Local\Programs\Python\Python312\Lib\site-packages\flask_limiter\_extension.py", line 1137, in __evaluate_limits
    raise RateLimitExceeded(
flask_limiter.errors.RateLimitExceeded: 429 Too Many Requests: 5 per 1 minute

During handling of the above exception, another exception occurred:

Traceback (most recent call last):
  File "C:\Users\joshn\AppData\Local\Programs\Python\Python312\Lib\site-packages\flask\app.py", line 1455, in wsgi_app
    response = self.full_dispatch_request()
               ^^^^^^^^^^^^^^^^^^^^^^^^^^^^
  File "C:\Users\joshn\AppData\Local\Programs\Python\Python312\Lib\site-packages\flask\app.py", line 869, in full_dispatch_request
    rv = self.handle_user_exception(e)
         ^^^^^^^^^^^^^^^^^^^^^^^^^^^^^
  File "C:\Users\joshn\AppData\Local\Programs\Python\Python312\Lib\site-packages\flask_cors\extension.py", line 176, in wrapped_function
    return cors_after_request(app.make_response(f(*args, **kwargs)))
                                                ^^^^^^^^^^^^^^^^^^
  File "C:\Users\joshn\AppData\Local\Programs\Python\Python312\Lib\site-packages\flask\app.py", line 752, in handle_user_exception
    return self.handle_http_exception(e)
           ^^^^^^^^^^^^^^^^^^^^^^^^^^^^^
  File "C:\Users\joshn\AppData\Local\Programs\Python\Python312\Lib\site-packages\flask\app.py", line 727, in handle_http_exception
    return self.ensure_sync(handler)(e)
           ^^^^^^^^^^^^^^^^^^^^^^^^^^^^
  File "D:\placements\securin\secure-payment\server\server.py", line 49, in handle_rate
    log_security_event(
TypeError: log_security_event() got an unexpected keyword argument 'event_type'
2026-02-25 22:18:24,472 | ERROR |Exception on /login [POST]
Traceback (most recent call last):
  File "C:\Users\joshn\AppData\Local\Programs\Python\Python312\Lib\site-packages\flask\app.py", line 867, in full_dispatch_request
    rv = self.dispatch_request()
         ^^^^^^^^^^^^^^^^^^^^^^^
  File "C:\Users\joshn\AppData\Local\Programs\Python\Python312\Lib\site-packages\flask\app.py", line 852, in dispatch_request
    return self.ensure_sync(self.view_functions[rule.endpoint])(**view_args)
           ^^^^^^^^^^^^^^^^^^^^^^^^^^^^^^^^^^^^^^^^^^^^^^^^^^^^^^^^^^^^^^^^^
  File "C:\Users\joshn\AppData\Local\Programs\Python\Python312\Lib\site-packages\flask_limiter\_limits.py", line 324, in __inner
    self.limiter._check_request_limit(in_middleware=False, callable_name=name)
  File "C:\Users\joshn\AppData\Local\Programs\Python\Python312\Lib\site-packages\flask_limiter\_extension.py", line 1156, in _check_request_limit
    raise e
  File "C:\Users\joshn\AppData\Local\Programs\Python\Python312\Lib\site-packages\flask_limiter\_extension.py", line 1153, in _check_request_limit
    self.__evaluate_limits(endpoint, all_limits)
  File "C:\Users\joshn\AppData\Local\Programs\Python\Python312\Lib\site-packages\flask_limiter\_extension.py", line 1137, in __evaluate_limits
    raise RateLimitExceeded(
flask_limiter.errors.RateLimitExceeded: 429 Too Many Requests: 5 per 1 minute

During handling of the above exception, another exception occurred:

Traceback (most recent call last):
  File "C:\Users\joshn\AppData\Local\Programs\Python\Python312\Lib\site-packages\flask\app.py", line 1455, in wsgi_app
    response = self.full_dispatch_request()
               ^^^^^^^^^^^^^^^^^^^^^^^^^^^^
  File "C:\Users\joshn\AppData\Local\Programs\Python\Python312\Lib\site-packages\flask\app.py", line 869, in full_dispatch_request
    rv = self.handle_user_exception(e)
         ^^^^^^^^^^^^^^^^^^^^^^^^^^^^^
  File "C:\Users\joshn\AppData\Local\Programs\Python\Python312\Lib\site-packages\flask_cors\extension.py", line 176, in wrapped_function
    return cors_after_request(app.make_response(f(*args, **kwargs)))
                                                ^^^^^^^^^^^^^^^^^^
  File "C:\Users\joshn\AppData\Local\Programs\Python\Python312\Lib\site-packages\flask\app.py", line 752, in handle_user_exception
    return self.handle_http_exception(e)
           ^^^^^^^^^^^^^^^^^^^^^^^^^^^^^
  File "C:\Users\joshn\AppData\Local\Programs\Python\Python312\Lib\site-packages\flask\app.py", line 727, in handle_http_exception
    return self.ensure_sync(handler)(e)
           ^^^^^^^^^^^^^^^^^^^^^^^^^^^^
  File "D:\placements\securin\secure-payment\server\server.py", line 49, in handle_rate
    log_security_event(
TypeError: log_security_event() got an unexpected keyword argument 'event_type'
2026-02-25 22:18:24,477 | INFO |127.0.0.1 - - [25/Feb/2026 22:18:24] "[35m[1mPOST /login HTTP/1.1[0m" 500 -
2026-02-25 22:18:24,478 | INFO |127.0.0.1 - - [25/Feb/2026 22:18:24] "[35m[1mPOST /login HTTP/1.1[0m" 500 -
2026-02-25 22:18:26,479 | INFO |127.0.0.1 - - [25/Feb/2026 22:18:26] "OPTIONS /login HTTP/1.1" 200 -
2026-02-25 22:18:26,483 | ERROR |Exception on /login [POST]
Traceback (most recent call last):
  File "C:\Users\joshn\AppData\Local\Programs\Python\Python312\Lib\site-packages\flask\app.py", line 867, in full_dispatch_request
    rv = self.dispatch_request()
         ^^^^^^^^^^^^^^^^^^^^^^^
  File "C:\Users\joshn\AppData\Local\Programs\Python\Python312\Lib\site-packages\flask\app.py", line 852, in dispatch_request
    return self.ensure_sync(self.view_functions[rule.endpoint])(**view_args)
           ^^^^^^^^^^^^^^^^^^^^^^^^^^^^^^^^^^^^^^^^^^^^^^^^^^^^^^^^^^^^^^^^^
  File "C:\Users\joshn\AppData\Local\Programs\Python\Python312\Lib\site-packages\flask_limiter\_limits.py", line 324, in __inner
    self.limiter._check_request_limit(in_middleware=False, callable_name=name)
  File "C:\Users\joshn\AppData\Local\Programs\Python\Python312\Lib\site-packages\flask_limiter\_extension.py", line 1156, in _check_request_limit
    raise e
  File "C:\Users\joshn\AppData\Local\Programs\Python\Python312\Lib\site-packages\flask_limiter\_extension.py", line 1153, in _check_request_limit
    self.__evaluate_limits(endpoint, all_limits)
  File "C:\Users\joshn\AppData\Local\Programs\Python\Python312\Lib\site-packages\flask_limiter\_extension.py", line 1137, in __evaluate_limits
    raise RateLimitExceeded(
flask_limiter.errors.RateLimitExceeded: 429 Too Many Requests: 5 per 1 minute

During handling of the above exception, another exception occurred:

Traceback (most recent call last):
  File "C:\Users\joshn\AppData\Local\Programs\Python\Python312\Lib\site-packages\flask\app.py", line 1455, in wsgi_app
    response = self.full_dispatch_request()
               ^^^^^^^^^^^^^^^^^^^^^^^^^^^^
  File "C:\Users\joshn\AppData\Local\Programs\Python\Python312\Lib\site-packages\flask\app.py", line 869, in full_dispatch_request
    rv = self.handle_user_exception(e)
         ^^^^^^^^^^^^^^^^^^^^^^^^^^^^^
  File "C:\Users\joshn\AppData\Local\Programs\Python\Python312\Lib\site-packages\flask_cors\extension.py", line 176, in wrapped_function
    return cors_after_request(app.make_response(f(*args, **kwargs)))
                                                ^^^^^^^^^^^^^^^^^^
  File "C:\Users\joshn\AppData\Local\Programs\Python\Python312\Lib\site-packages\flask\app.py", line 752, in handle_user_exception
    return self.handle_http_exception(e)
           ^^^^^^^^^^^^^^^^^^^^^^^^^^^^^
  File "C:\Users\joshn\AppData\Local\Programs\Python\Python312\Lib\site-packages\flask\app.py", line 727, in handle_http_exception
    return self.ensure_sync(handler)(e)
           ^^^^^^^^^^^^^^^^^^^^^^^^^^^^
  File "D:\placements\securin\secure-payment\server\server.py", line 49, in handle_rate
    log_security_event(
TypeError: log_security_event() got an unexpected keyword argument 'event_type'
2026-02-25 22:18:26,487 | INFO |127.0.0.1 - - [25/Feb/2026 22:18:26] "[35m[1mPOST /login HTTP/1.1[0m" 500 -
2026-02-25 22:18:33,906 | INFO |127.0.0.1 - - [25/Feb/2026 22:18:33] "OPTIONS /login HTTP/1.1" 200 -
2026-02-25 22:18:34,080 | INFO |127.0.0.1 - - [25/Feb/2026 22:18:34] "OPTIONS /login HTTP/1.1" 200 -
2026-02-25 22:18:34,173 | INFO |127.0.0.1 - - [25/Feb/2026 22:18:34] "OPTIONS /login HTTP/1.1" 200 -
2026-02-25 22:18:34,219 | ERROR |Exception on /login [POST]
Traceback (most recent call last):
  File "C:\Users\joshn\AppData\Local\Programs\Python\Python312\Lib\site-packages\flask\app.py", line 867, in full_dispatch_request
    rv = self.dispatch_request()
         ^^^^^^^^^^^^^^^^^^^^^^^
  File "C:\Users\joshn\AppData\Local\Programs\Python\Python312\Lib\site-packages\flask\app.py", line 852, in dispatch_request
    return self.ensure_sync(self.view_functions[rule.endpoint])(**view_args)
           ^^^^^^^^^^^^^^^^^^^^^^^^^^^^^^^^^^^^^^^^^^^^^^^^^^^^^^^^^^^^^^^^^
  File "C:\Users\joshn\AppData\Local\Programs\Python\Python312\Lib\site-packages\flask_limiter\_limits.py", line 324, in __inner
    self.limiter._check_request_limit(in_middleware=False, callable_name=name)
  File "C:\Users\joshn\AppData\Local\Programs\Python\Python312\Lib\site-packages\flask_limiter\_extension.py", line 1156, in _check_request_limit
    raise e
  File "C:\Users\joshn\AppData\Local\Programs\Python\Python312\Lib\site-packages\flask_limiter\_extension.py", line 1153, in _check_request_limit
    self.__evaluate_limits(endpoint, all_limits)
  File "C:\Users\joshn\AppData\Local\Programs\Python\Python312\Lib\site-packages\flask_limiter\_extension.py", line 1137, in __evaluate_limits
    raise RateLimitExceeded(
flask_limiter.errors.RateLimitExceeded: 429 Too Many Requests: 5 per 1 minute

During handling of the above exception, another exception occurred:

Traceback (most recent call last):
  File "C:\Users\joshn\AppData\Local\Programs\Python\Python312\Lib\site-packages\flask\app.py", line 1455, in wsgi_app
    response = self.full_dispatch_request()
               ^^^^^^^^^^^^^^^^^^^^^^^^^^^^
  File "C:\Users\joshn\AppData\Local\Programs\Python\Python312\Lib\site-packages\flask\app.py", line 869, in full_dispatch_request
    rv = self.handle_user_exception(e)
         ^^^^^^^^^^^^^^^^^^^^^^^^^^^^^
  File "C:\Users\joshn\AppData\Local\Programs\Python\Python312\Lib\site-packages\flask_cors\extension.py", line 176, in wrapped_function
    return cors_after_request(app.make_response(f(*args, **kwargs)))
                                                ^^^^^^^^^^^^^^^^^^
  File "C:\Users\joshn\AppData\Local\Programs\Python\Python312\Lib\site-packages\flask\app.py", line 752, in handle_user_exception
    return self.handle_http_exception(e)
           ^^^^^^^^^^^^^^^^^^^^^^^^^^^^^
  File "C:\Users\joshn\AppData\Local\Programs\Python\Python312\Lib\site-packages\flask\app.py", line 727, in handle_http_exception
    return self.ensure_sync(handler)(e)
           ^^^^^^^^^^^^^^^^^^^^^^^^^^^^
  File "D:\placements\securin\secure-payment\server\server.py", line 49, in handle_rate
    log_security_event(
TypeError: log_security_event() got an unexpected keyword argument 'event_type'
2026-02-25 22:18:34,222 | INFO |127.0.0.1 - - [25/Feb/2026 22:18:34] "[35m[1mPOST /login HTTP/1.1[0m" 500 -
2026-02-25 22:18:34,250 | INFO |127.0.0.1 - - [25/Feb/2026 22:18:34] "OPTIONS /login HTTP/1.1" 200 -
2026-02-25 22:18:34,390 | ERROR |Exception on /login [POST]
Traceback (most recent call last):
  File "C:\Users\joshn\AppData\Local\Programs\Python\Python312\Lib\site-packages\flask\app.py", line 867, in full_dispatch_request
    rv = self.dispatch_request()
         ^^^^^^^^^^^^^^^^^^^^^^^
  File "C:\Users\joshn\AppData\Local\Programs\Python\Python312\Lib\site-packages\flask\app.py", line 852, in dispatch_request
    return self.ensure_sync(self.view_functions[rule.endpoint])(**view_args)
           ^^^^^^^^^^^^^^^^^^^^^^^^^^^^^^^^^^^^^^^^^^^^^^^^^^^^^^^^^^^^^^^^^
  File "C:\Users\joshn\AppData\Local\Programs\Python\Python312\Lib\site-packages\flask_limiter\_limits.py", line 324, in __inner
    self.limiter._check_request_limit(in_middleware=False, callable_name=name)
  File "C:\Users\joshn\AppData\Local\Programs\Python\Python312\Lib\site-packages\flask_limiter\_extension.py", line 1156, in _check_request_limit
    raise e
  File "C:\Users\joshn\AppData\Local\Programs\Python\Python312\Lib\site-packages\flask_limiter\_extension.py", line 1153, in _check_request_limit
    self.__evaluate_limits(endpoint, all_limits)
  File "C:\Users\joshn\AppData\Local\Programs\Python\Python312\Lib\site-packages\flask_limiter\_extension.py", line 1137, in __evaluate_limits
    raise RateLimitExceeded(
flask_limiter.errors.RateLimitExceeded: 429 Too Many Requests: 5 per 1 minute

During handling of the above exception, another exception occurred:

Traceback (most recent call last):
  File "C:\Users\joshn\AppData\Local\Programs\Python\Python312\Lib\site-packages\flask\app.py", line 1455, in wsgi_app
    response = self.full_dispatch_request()
               ^^^^^^^^^^^^^^^^^^^^^^^^^^^^
  File "C:\Users\joshn\AppData\Local\Programs\Python\Python312\Lib\site-packages\flask\app.py", line 869, in full_dispatch_request
    rv = self.handle_user_exception(e)
         ^^^^^^^^^^^^^^^^^^^^^^^^^^^^^
  File "C:\Users\joshn\AppData\Local\Programs\Python\Python312\Lib\site-packages\flask_cors\extension.py", line 176, in wrapped_function
    return cors_after_request(app.make_response(f(*args, **kwargs)))
                                                ^^^^^^^^^^^^^^^^^^
  File "C:\Users\joshn\AppData\Local\Programs\Python\Python312\Lib\site-packages\flask\app.py", line 752, in handle_user_exception
    return self.handle_http_exception(e)
           ^^^^^^^^^^^^^^^^^^^^^^^^^^^^^
  File "C:\Users\joshn\AppData\Local\Programs\Python\Python312\Lib\site-packages\flask\app.py", line 727, in handle_http_exception
    return self.ensure_sync(handler)(e)
           ^^^^^^^^^^^^^^^^^^^^^^^^^^^^
  File "D:\placements\securin\secure-payment\server\server.py", line 49, in handle_rate
    log_security_event(
TypeError: log_security_event() got an unexpected keyword argument 'event_type'
2026-02-25 22:18:34,392 | INFO |127.0.0.1 - - [25/Feb/2026 22:18:34] "[35m[1mPOST /login HTTP/1.1[0m" 500 -
2026-02-25 22:18:34,422 | INFO |127.0.0.1 - - [25/Feb/2026 22:18:34] "OPTIONS /login HTTP/1.1" 200 -
2026-02-25 22:18:34,486 | ERROR |Exception on /login [POST]
Traceback (most recent call last):
  File "C:\Users\joshn\AppData\Local\Programs\Python\Python312\Lib\site-packages\flask\app.py", line 867, in full_dispatch_request
    rv = self.dispatch_request()
         ^^^^^^^^^^^^^^^^^^^^^^^
  File "C:\Users\joshn\AppData\Local\Programs\Python\Python312\Lib\site-packages\flask\app.py", line 852, in dispatch_request
    return self.ensure_sync(self.view_functions[rule.endpoint])(**view_args)
           ^^^^^^^^^^^^^^^^^^^^^^^^^^^^^^^^^^^^^^^^^^^^^^^^^^^^^^^^^^^^^^^^^
  File "C:\Users\joshn\AppData\Local\Programs\Python\Python312\Lib\site-packages\flask_limiter\_limits.py", line 324, in __inner
    self.limiter._check_request_limit(in_middleware=False, callable_name=name)
  File "C:\Users\joshn\AppData\Local\Programs\Python\Python312\Lib\site-packages\flask_limiter\_extension.py", line 1156, in _check_request_limit
    raise e
  File "C:\Users\joshn\AppData\Local\Programs\Python\Python312\Lib\site-packages\flask_limiter\_extension.py", line 1153, in _check_request_limit
    self.__evaluate_limits(endpoint, all_limits)
  File "C:\Users\joshn\AppData\Local\Programs\Python\Python312\Lib\site-packages\flask_limiter\_extension.py", line 1137, in __evaluate_limits
    raise RateLimitExceeded(
flask_limiter.errors.RateLimitExceeded: 429 Too Many Requests: 5 per 1 minute

During handling of the above exception, another exception occurred:

Traceback (most recent call last):
  File "C:\Users\joshn\AppData\Local\Programs\Python\Python312\Lib\site-packages\flask\app.py", line 1455, in wsgi_app
    response = self.full_dispatch_request()
               ^^^^^^^^^^^^^^^^^^^^^^^^^^^^
  File "C:\Users\joshn\AppData\Local\Programs\Python\Python312\Lib\site-packages\flask\app.py", line 869, in full_dispatch_request
    rv = self.handle_user_exception(e)
         ^^^^^^^^^^^^^^^^^^^^^^^^^^^^^
  File "C:\Users\joshn\AppData\Local\Programs\Python\Python312\Lib\site-packages\flask_cors\extension.py", line 176, in wrapped_function
    return cors_after_request(app.make_response(f(*args, **kwargs)))
                                                ^^^^^^^^^^^^^^^^^^
  File "C:\Users\joshn\AppData\Local\Programs\Python\Python312\Lib\site-packages\flask\app.py", line 752, in handle_user_exception
    return self.handle_http_exception(e)
           ^^^^^^^^^^^^^^^^^^^^^^^^^^^^^
  File "C:\Users\joshn\AppData\Local\Programs\Python\Python312\Lib\site-packages\flask\app.py", line 727, in handle_http_exception
    return self.ensure_sync(handler)(e)
           ^^^^^^^^^^^^^^^^^^^^^^^^^^^^
  File "D:\placements\securin\secure-payment\server\server.py", line 49, in handle_rate
    log_security_event(
TypeError: log_security_event() got an unexpected keyword argument 'event_type'
2026-02-25 22:18:34,486 | ERROR |Exception on /login [POST]
Traceback (most recent call last):
  File "C:\Users\joshn\AppData\Local\Programs\Python\Python312\Lib\site-packages\flask\app.py", line 867, in full_dispatch_request
    rv = self.dispatch_request()
         ^^^^^^^^^^^^^^^^^^^^^^^
  File "C:\Users\joshn\AppData\Local\Programs\Python\Python312\Lib\site-packages\flask\app.py", line 852, in dispatch_request
    return self.ensure_sync(self.view_functions[rule.endpoint])(**view_args)
           ^^^^^^^^^^^^^^^^^^^^^^^^^^^^^^^^^^^^^^^^^^^^^^^^^^^^^^^^^^^^^^^^^
  File "C:\Users\joshn\AppData\Local\Programs\Python\Python312\Lib\site-packages\flask_limiter\_limits.py", line 324, in __inner
    self.limiter._check_request_limit(in_middleware=False, callable_name=name)
  File "C:\Users\joshn\AppData\Local\Programs\Python\Python312\Lib\site-packages\flask_limiter\_extension.py", line 1156, in _check_request_limit
    raise e
  File "C:\Users\joshn\AppData\Local\Programs\Python\Python312\Lib\site-packages\flask_limiter\_extension.py", line 1153, in _check_request_limit
    self.__evaluate_limits(endpoint, all_limits)
  File "C:\Users\joshn\AppData\Local\Programs\Python\Python312\Lib\site-packages\flask_limiter\_extension.py", line 1137, in __evaluate_limits
    raise RateLimitExceeded(
flask_limiter.errors.RateLimitExceeded: 429 Too Many Requests: 5 per 1 minute

During handling of the above exception, another exception occurred:

Traceback (most recent call last):
  File "C:\Users\joshn\AppData\Local\Programs\Python\Python312\Lib\site-packages\flask\app.py", line 1455, in wsgi_app
    response = self.full_dispatch_request()
               ^^^^^^^^^^^^^^^^^^^^^^^^^^^^
  File "C:\Users\joshn\AppData\Local\Programs\Python\Python312\Lib\site-packages\flask\app.py", line 869, in full_dispatch_request
    rv = self.handle_user_exception(e)
         ^^^^^^^^^^^^^^^^^^^^^^^^^^^^^
  File "C:\Users\joshn\AppData\Local\Programs\Python\Python312\Lib\site-packages\flask_cors\extension.py", line 176, in wrapped_function
    return cors_after_request(app.make_response(f(*args, **kwargs)))
                                                ^^^^^^^^^^^^^^^^^^
  File "C:\Users\joshn\AppData\Local\Programs\Python\Python312\Lib\site-packages\flask\app.py", line 752, in handle_user_exception
    return self.handle_http_exception(e)
           ^^^^^^^^^^^^^^^^^^^^^^^^^^^^^
  File "C:\Users\joshn\AppData\Local\Programs\Python\Python312\Lib\site-packages\flask\app.py", line 727, in handle_http_exception
    return self.ensure_sync(handler)(e)
           ^^^^^^^^^^^^^^^^^^^^^^^^^^^^
  File "D:\placements\securin\secure-payment\server\server.py", line 49, in handle_rate
    log_security_event(
TypeError: log_security_event() got an unexpected keyword argument 'event_type'
2026-02-25 22:18:34,488 | INFO |127.0.0.1 - - [25/Feb/2026 22:18:34] "[35m[1mPOST /login HTTP/1.1[0m" 500 -
2026-02-25 22:18:34,491 | INFO |127.0.0.1 - - [25/Feb/2026 22:18:34] "[35m[1mPOST /login HTTP/1.1[0m" 500 -
2026-02-25 22:18:34,580 | ERROR |Exception on /login [POST]
Traceback (most recent call last):
  File "C:\Users\joshn\AppData\Local\Programs\Python\Python312\Lib\site-packages\flask\app.py", line 867, in full_dispatch_request
    rv = self.dispatch_request()
         ^^^^^^^^^^^^^^^^^^^^^^^
  File "C:\Users\joshn\AppData\Local\Programs\Python\Python312\Lib\site-packages\flask\app.py", line 852, in dispatch_request
    return self.ensure_sync(self.view_functions[rule.endpoint])(**view_args)
           ^^^^^^^^^^^^^^^^^^^^^^^^^^^^^^^^^^^^^^^^^^^^^^^^^^^^^^^^^^^^^^^^^
  File "C:\Users\joshn\AppData\Local\Programs\Python\Python312\Lib\site-packages\flask_limiter\_limits.py", line 324, in __inner
    self.limiter._check_request_limit(in_middleware=False, callable_name=name)
  File "C:\Users\joshn\AppData\Local\Programs\Python\Python312\Lib\site-packages\flask_limiter\_extension.py", line 1156, in _check_request_limit
    raise e
  File "C:\Users\joshn\AppData\Local\Programs\Python\Python312\Lib\site-packages\flask_limiter\_extension.py", line 1153, in _check_request_limit
    self.__evaluate_limits(endpoint, all_limits)
  File "C:\Users\joshn\AppData\Local\Programs\Python\Python312\Lib\site-packages\flask_limiter\_extension.py", line 1137, in __evaluate_limits
    raise RateLimitExceeded(
flask_limiter.errors.RateLimitExceeded: 429 Too Many Requests: 5 per 1 minute

During handling of the above exception, another exception occurred:

Traceback (most recent call last):
  File "C:\Users\joshn\AppData\Local\Programs\Python\Python312\Lib\site-packages\flask\app.py", line 1455, in wsgi_app
    response = self.full_dispatch_request()
               ^^^^^^^^^^^^^^^^^^^^^^^^^^^^
  File "C:\Users\joshn\AppData\Local\Programs\Python\Python312\Lib\site-packages\flask\app.py", line 869, in full_dispatch_request
    rv = self.handle_user_exception(e)
         ^^^^^^^^^^^^^^^^^^^^^^^^^^^^^
  File "C:\Users\joshn\AppData\Local\Programs\Python\Python312\Lib\site-packages\flask_cors\extension.py", line 176, in wrapped_function
    return cors_after_request(app.make_response(f(*args, **kwargs)))
                                                ^^^^^^^^^^^^^^^^^^
  File "C:\Users\joshn\AppData\Local\Programs\Python\Python312\Lib\site-packages\flask\app.py", line 752, in handle_user_exception
    return self.handle_http_exception(e)
           ^^^^^^^^^^^^^^^^^^^^^^^^^^^^^
  File "C:\Users\joshn\AppData\Local\Programs\Python\Python312\Lib\site-packages\flask\app.py", line 727, in handle_http_exception
    return self.ensure_sync(handler)(e)
           ^^^^^^^^^^^^^^^^^^^^^^^^^^^^
  File "D:\placements\securin\secure-payment\server\server.py", line 49, in handle_rate
    log_security_event(
TypeError: log_security_event() got an unexpected keyword argument 'event_type'
2026-02-25 22:18:34,587 | INFO |127.0.0.1 - - [25/Feb/2026 22:18:34] "[35m[1mPOST /login HTTP/1.1[0m" 500 -
2026-02-25 22:18:34,598 | INFO |127.0.0.1 - - [25/Feb/2026 22:18:34] "OPTIONS /login HTTP/1.1" 200 -
2026-02-25 22:18:34,736 | ERROR |Exception on /login [POST]
Traceback (most recent call last):
  File "C:\Users\joshn\AppData\Local\Programs\Python\Python312\Lib\site-packages\flask\app.py", line 867, in full_dispatch_request
    rv = self.dispatch_request()
         ^^^^^^^^^^^^^^^^^^^^^^^
  File "C:\Users\joshn\AppData\Local\Programs\Python\Python312\Lib\site-packages\flask\app.py", line 852, in dispatch_request
    return self.ensure_sync(self.view_functions[rule.endpoint])(**view_args)
           ^^^^^^^^^^^^^^^^^^^^^^^^^^^^^^^^^^^^^^^^^^^^^^^^^^^^^^^^^^^^^^^^^
  File "C:\Users\joshn\AppData\Local\Programs\Python\Python312\Lib\site-packages\flask_limiter\_limits.py", line 324, in __inner
    self.limiter._check_request_limit(in_middleware=False, callable_name=name)
  File "C:\Users\joshn\AppData\Local\Programs\Python\Python312\Lib\site-packages\flask_limiter\_extension.py", line 1156, in _check_request_limit
    raise e
  File "C:\Users\joshn\AppData\Local\Programs\Python\Python312\Lib\site-packages\flask_limiter\_extension.py", line 1153, in _check_request_limit
    self.__evaluate_limits(endpoint, all_limits)
  File "C:\Users\joshn\AppData\Local\Programs\Python\Python312\Lib\site-packages\flask_limiter\_extension.py", line 1137, in __evaluate_limits
    raise RateLimitExceeded(
flask_limiter.errors.RateLimitExceeded: 429 Too Many Requests: 5 per 1 minute

During handling of the above exception, another exception occurred:

Traceback (most recent call last):
  File "C:\Users\joshn\AppData\Local\Programs\Python\Python312\Lib\site-packages\flask\app.py", line 1455, in wsgi_app
    response = self.full_dispatch_request()
               ^^^^^^^^^^^^^^^^^^^^^^^^^^^^
  File "C:\Users\joshn\AppData\Local\Programs\Python\Python312\Lib\site-packages\flask\app.py", line 869, in full_dispatch_request
    rv = self.handle_user_exception(e)
         ^^^^^^^^^^^^^^^^^^^^^^^^^^^^^
  File "C:\Users\joshn\AppData\Local\Programs\Python\Python312\Lib\site-packages\flask_cors\extension.py", line 176, in wrapped_function
    return cors_after_request(app.make_response(f(*args, **kwargs)))
                                                ^^^^^^^^^^^^^^^^^^
  File "C:\Users\joshn\AppData\Local\Programs\Python\Python312\Lib\site-packages\flask\app.py", line 752, in handle_user_exception
    return self.handle_http_exception(e)
           ^^^^^^^^^^^^^^^^^^^^^^^^^^^^^
  File "C:\Users\joshn\AppData\Local\Programs\Python\Python312\Lib\site-packages\flask\app.py", line 727, in handle_http_exception
    return self.ensure_sync(handler)(e)
           ^^^^^^^^^^^^^^^^^^^^^^^^^^^^
  File "D:\placements\securin\secure-payment\server\server.py", line 49, in handle_rate
    log_security_event(
TypeError: log_security_event() got an unexpected keyword argument 'event_type'
2026-02-25 22:18:34,739 | INFO |127.0.0.1 - - [25/Feb/2026 22:18:34] "[35m[1mPOST /login HTTP/1.1[0m" 500 -
2026-02-25 22:18:34,781 | INFO |127.0.0.1 - - [25/Feb/2026 22:18:34] "OPTIONS /login HTTP/1.1" 200 -
2026-02-25 22:18:34,905 | ERROR |Exception on /login [POST]
Traceback (most recent call last):
  File "C:\Users\joshn\AppData\Local\Programs\Python\Python312\Lib\site-packages\flask\app.py", line 867, in full_dispatch_request
    rv = self.dispatch_request()
         ^^^^^^^^^^^^^^^^^^^^^^^
  File "C:\Users\joshn\AppData\Local\Programs\Python\Python312\Lib\site-packages\flask\app.py", line 852, in dispatch_request
    return self.ensure_sync(self.view_functions[rule.endpoint])(**view_args)
           ^^^^^^^^^^^^^^^^^^^^^^^^^^^^^^^^^^^^^^^^^^^^^^^^^^^^^^^^^^^^^^^^^
  File "C:\Users\joshn\AppData\Local\Programs\Python\Python312\Lib\site-packages\flask_limiter\_limits.py", line 324, in __inner
    self.limiter._check_request_limit(in_middleware=False, callable_name=name)
  File "C:\Users\joshn\AppData\Local\Programs\Python\Python312\Lib\site-packages\flask_limiter\_extension.py", line 1156, in _check_request_limit
    raise e
  File "C:\Users\joshn\AppData\Local\Programs\Python\Python312\Lib\site-packages\flask_limiter\_extension.py", line 1153, in _check_request_limit
    self.__evaluate_limits(endpoint, all_limits)
  File "C:\Users\joshn\AppData\Local\Programs\Python\Python312\Lib\site-packages\flask_limiter\_extension.py", line 1137, in __evaluate_limits
    raise RateLimitExceeded(
flask_limiter.errors.RateLimitExceeded: 429 Too Many Requests: 5 per 1 minute

During handling of the above exception, another exception occurred:

Traceback (most recent call last):
  File "C:\Users\joshn\AppData\Local\Programs\Python\Python312\Lib\site-packages\flask\app.py", line 1455, in wsgi_app
    response = self.full_dispatch_request()
               ^^^^^^^^^^^^^^^^^^^^^^^^^^^^
  File "C:\Users\joshn\AppData\Local\Programs\Python\Python312\Lib\site-packages\flask\app.py", line 869, in full_dispatch_request
    rv = self.handle_user_exception(e)
         ^^^^^^^^^^^^^^^^^^^^^^^^^^^^^
  File "C:\Users\joshn\AppData\Local\Programs\Python\Python312\Lib\site-packages\flask_cors\extension.py", line 176, in wrapped_function
    return cors_after_request(app.make_response(f(*args, **kwargs)))
                                                ^^^^^^^^^^^^^^^^^^
  File "C:\Users\joshn\AppData\Local\Programs\Python\Python312\Lib\site-packages\flask\app.py", line 752, in handle_user_exception
    return self.handle_http_exception(e)
           ^^^^^^^^^^^^^^^^^^^^^^^^^^^^^
  File "C:\Users\joshn\AppData\Local\Programs\Python\Python312\Lib\site-packages\flask\app.py", line 727, in handle_http_exception
    return self.ensure_sync(handler)(e)
           ^^^^^^^^^^^^^^^^^^^^^^^^^^^^
  File "D:\placements\securin\secure-payment\server\server.py", line 49, in handle_rate
    log_security_event(
TypeError: log_security_event() got an unexpected keyword argument 'event_type'
2026-02-25 22:18:34,909 | INFO |127.0.0.1 - - [25/Feb/2026 22:18:34] "[35m[1mPOST /login HTTP/1.1[0m" 500 -
2026-02-25 22:18:34,951 | INFO |127.0.0.1 - - [25/Feb/2026 22:18:34] "OPTIONS /login HTTP/1.1" 200 -
2026-02-25 22:18:35,093 | ERROR |Exception on /login [POST]
Traceback (most recent call last):
  File "C:\Users\joshn\AppData\Local\Programs\Python\Python312\Lib\site-packages\flask\app.py", line 867, in full_dispatch_request
    rv = self.dispatch_request()
         ^^^^^^^^^^^^^^^^^^^^^^^
  File "C:\Users\joshn\AppData\Local\Programs\Python\Python312\Lib\site-packages\flask\app.py", line 852, in dispatch_request
    return self.ensure_sync(self.view_functions[rule.endpoint])(**view_args)
           ^^^^^^^^^^^^^^^^^^^^^^^^^^^^^^^^^^^^^^^^^^^^^^^^^^^^^^^^^^^^^^^^^
  File "C:\Users\joshn\AppData\Local\Programs\Python\Python312\Lib\site-packages\flask_limiter\_limits.py", line 324, in __inner
    self.limiter._check_request_limit(in_middleware=False, callable_name=name)
  File "C:\Users\joshn\AppData\Local\Programs\Python\Python312\Lib\site-packages\flask_limiter\_extension.py", line 1156, in _check_request_limit
    raise e
  File "C:\Users\joshn\AppData\Local\Programs\Python\Python312\Lib\site-packages\flask_limiter\_extension.py", line 1153, in _check_request_limit
    self.__evaluate_limits(endpoint, all_limits)
  File "C:\Users\joshn\AppData\Local\Programs\Python\Python312\Lib\site-packages\flask_limiter\_extension.py", line 1137, in __evaluate_limits
    raise RateLimitExceeded(
flask_limiter.errors.RateLimitExceeded: 429 Too Many Requests: 5 per 1 minute

During handling of the above exception, another exception occurred:

Traceback (most recent call last):
  File "C:\Users\joshn\AppData\Local\Programs\Python\Python312\Lib\site-packages\flask\app.py", line 1455, in wsgi_app
    response = self.full_dispatch_request()
               ^^^^^^^^^^^^^^^^^^^^^^^^^^^^
  File "C:\Users\joshn\AppData\Local\Programs\Python\Python312\Lib\site-packages\flask\app.py", line 869, in full_dispatch_request
    rv = self.handle_user_exception(e)
         ^^^^^^^^^^^^^^^^^^^^^^^^^^^^^
  File "C:\Users\joshn\AppData\Local\Programs\Python\Python312\Lib\site-packages\flask_cors\extension.py", line 176, in wrapped_function
    return cors_after_request(app.make_response(f(*args, **kwargs)))
                                                ^^^^^^^^^^^^^^^^^^
  File "C:\Users\joshn\AppData\Local\Programs\Python\Python312\Lib\site-packages\flask\app.py", line 752, in handle_user_exception
    return self.handle_http_exception(e)
           ^^^^^^^^^^^^^^^^^^^^^^^^^^^^^
  File "C:\Users\joshn\AppData\Local\Programs\Python\Python312\Lib\site-packages\flask\app.py", line 727, in handle_http_exception
    return self.ensure_sync(handler)(e)
           ^^^^^^^^^^^^^^^^^^^^^^^^^^^^
  File "D:\placements\securin\secure-payment\server\server.py", line 49, in handle_rate
    log_security_event(
TypeError: log_security_event() got an unexpected keyword argument 'event_type'
2026-02-25 22:18:35,097 | INFO |127.0.0.1 - - [25/Feb/2026 22:18:35] "[35m[1mPOST /login HTTP/1.1[0m" 500 -
2026-02-25 22:18:35,138 | INFO |127.0.0.1 - - [25/Feb/2026 22:18:35] "OPTIONS /login HTTP/1.1" 200 -
2026-02-25 22:18:35,264 | ERROR |Exception on /login [POST]
Traceback (most recent call last):
  File "C:\Users\joshn\AppData\Local\Programs\Python\Python312\Lib\site-packages\flask\app.py", line 867, in full_dispatch_request
    rv = self.dispatch_request()
         ^^^^^^^^^^^^^^^^^^^^^^^
  File "C:\Users\joshn\AppData\Local\Programs\Python\Python312\Lib\site-packages\flask\app.py", line 852, in dispatch_request
    return self.ensure_sync(self.view_functions[rule.endpoint])(**view_args)
           ^^^^^^^^^^^^^^^^^^^^^^^^^^^^^^^^^^^^^^^^^^^^^^^^^^^^^^^^^^^^^^^^^
  File "C:\Users\joshn\AppData\Local\Programs\Python\Python312\Lib\site-packages\flask_limiter\_limits.py", line 324, in __inner
    self.limiter._check_request_limit(in_middleware=False, callable_name=name)
  File "C:\Users\joshn\AppData\Local\Programs\Python\Python312\Lib\site-packages\flask_limiter\_extension.py", line 1156, in _check_request_limit
    raise e
  File "C:\Users\joshn\AppData\Local\Programs\Python\Python312\Lib\site-packages\flask_limiter\_extension.py", line 1153, in _check_request_limit
    self.__evaluate_limits(endpoint, all_limits)
  File "C:\Users\joshn\AppData\Local\Programs\Python\Python312\Lib\site-packages\flask_limiter\_extension.py", line 1137, in __evaluate_limits
    raise RateLimitExceeded(
flask_limiter.errors.RateLimitExceeded: 429 Too Many Requests: 5 per 1 minute

During handling of the above exception, another exception occurred:

Traceback (most recent call last):
  File "C:\Users\joshn\AppData\Local\Programs\Python\Python312\Lib\site-packages\flask\app.py", line 1455, in wsgi_app
    response = self.full_dispatch_request()
               ^^^^^^^^^^^^^^^^^^^^^^^^^^^^
  File "C:\Users\joshn\AppData\Local\Programs\Python\Python312\Lib\site-packages\flask\app.py", line 869, in full_dispatch_request
    rv = self.handle_user_exception(e)
         ^^^^^^^^^^^^^^^^^^^^^^^^^^^^^
  File "C:\Users\joshn\AppData\Local\Programs\Python\Python312\Lib\site-packages\flask_cors\extension.py", line 176, in wrapped_function
    return cors_after_request(app.make_response(f(*args, **kwargs)))
                                                ^^^^^^^^^^^^^^^^^^
  File "C:\Users\joshn\AppData\Local\Programs\Python\Python312\Lib\site-packages\flask\app.py", line 752, in handle_user_exception
    return self.handle_http_exception(e)
           ^^^^^^^^^^^^^^^^^^^^^^^^^^^^^
  File "C:\Users\joshn\AppData\Local\Programs\Python\Python312\Lib\site-packages\flask\app.py", line 727, in handle_http_exception
    return self.ensure_sync(handler)(e)
           ^^^^^^^^^^^^^^^^^^^^^^^^^^^^
  File "D:\placements\securin\secure-payment\server\server.py", line 49, in handle_rate
    log_security_event(
TypeError: log_security_event() got an unexpected keyword argument 'event_type'
2026-02-25 22:18:35,267 | INFO |127.0.0.1 - - [25/Feb/2026 22:18:35] "[35m[1mPOST /login HTTP/1.1[0m" 500 -
2026-02-25 22:18:35,296 | INFO |127.0.0.1 - - [25/Feb/2026 22:18:35] "OPTIONS /login HTTP/1.1" 200 -
2026-02-25 22:18:35,454 | ERROR |Exception on /login [POST]
Traceback (most recent call last):
  File "C:\Users\joshn\AppData\Local\Programs\Python\Python312\Lib\site-packages\flask\app.py", line 867, in full_dispatch_request
    rv = self.dispatch_request()
         ^^^^^^^^^^^^^^^^^^^^^^^
  File "C:\Users\joshn\AppData\Local\Programs\Python\Python312\Lib\site-packages\flask\app.py", line 852, in dispatch_request
    return self.ensure_sync(self.view_functions[rule.endpoint])(**view_args)
           ^^^^^^^^^^^^^^^^^^^^^^^^^^^^^^^^^^^^^^^^^^^^^^^^^^^^^^^^^^^^^^^^^
  File "C:\Users\joshn\AppData\Local\Programs\Python\Python312\Lib\site-packages\flask_limiter\_limits.py", line 324, in __inner
    self.limiter._check_request_limit(in_middleware=False, callable_name=name)
  File "C:\Users\joshn\AppData\Local\Programs\Python\Python312\Lib\site-packages\flask_limiter\_extension.py", line 1156, in _check_request_limit
    raise e
  File "C:\Users\joshn\AppData\Local\Programs\Python\Python312\Lib\site-packages\flask_limiter\_extension.py", line 1153, in _check_request_limit
    self.__evaluate_limits(endpoint, all_limits)
  File "C:\Users\joshn\AppData\Local\Programs\Python\Python312\Lib\site-packages\flask_limiter\_extension.py", line 1137, in __evaluate_limits
    raise RateLimitExceeded(
flask_limiter.errors.RateLimitExceeded: 429 Too Many Requests: 5 per 1 minute

During handling of the above exception, another exception occurred:

Traceback (most recent call last):
  File "C:\Users\joshn\AppData\Local\Programs\Python\Python312\Lib\site-packages\flask\app.py", line 1455, in wsgi_app
    response = self.full_dispatch_request()
               ^^^^^^^^^^^^^^^^^^^^^^^^^^^^
  File "C:\Users\joshn\AppData\Local\Programs\Python\Python312\Lib\site-packages\flask\app.py", line 869, in full_dispatch_request
    rv = self.handle_user_exception(e)
         ^^^^^^^^^^^^^^^^^^^^^^^^^^^^^
  File "C:\Users\joshn\AppData\Local\Programs\Python\Python312\Lib\site-packages\flask_cors\extension.py", line 176, in wrapped_function
    return cors_after_request(app.make_response(f(*args, **kwargs)))
                                                ^^^^^^^^^^^^^^^^^^
  File "C:\Users\joshn\AppData\Local\Programs\Python\Python312\Lib\site-packages\flask\app.py", line 752, in handle_user_exception
    return self.handle_http_exception(e)
           ^^^^^^^^^^^^^^^^^^^^^^^^^^^^^
  File "C:\Users\joshn\AppData\Local\Programs\Python\Python312\Lib\site-packages\flask\app.py", line 727, in handle_http_exception
    return self.ensure_sync(handler)(e)
           ^^^^^^^^^^^^^^^^^^^^^^^^^^^^
  File "D:\placements\securin\secure-payment\server\server.py", line 49, in handle_rate
    log_security_event(
TypeError: log_security_event() got an unexpected keyword argument 'event_type'
2026-02-25 22:18:35,455 | INFO |127.0.0.1 - - [25/Feb/2026 22:18:35] "[35m[1mPOST /login HTTP/1.1[0m" 500 -
2026-02-25 22:18:35,469 | INFO |127.0.0.1 - - [25/Feb/2026 22:18:35] "OPTIONS /login HTTP/1.1" 200 -
2026-02-25 22:18:35,611 | ERROR |Exception on /login [POST]
Traceback (most recent call last):
  File "C:\Users\joshn\AppData\Local\Programs\Python\Python312\Lib\site-packages\flask\app.py", line 867, in full_dispatch_request
    rv = self.dispatch_request()
         ^^^^^^^^^^^^^^^^^^^^^^^
  File "C:\Users\joshn\AppData\Local\Programs\Python\Python312\Lib\site-packages\flask\app.py", line 852, in dispatch_request
    return self.ensure_sync(self.view_functions[rule.endpoint])(**view_args)
           ^^^^^^^^^^^^^^^^^^^^^^^^^^^^^^^^^^^^^^^^^^^^^^^^^^^^^^^^^^^^^^^^^
  File "C:\Users\joshn\AppData\Local\Programs\Python\Python312\Lib\site-packages\flask_limiter\_limits.py", line 324, in __inner
    self.limiter._check_request_limit(in_middleware=False, callable_name=name)
  File "C:\Users\joshn\AppData\Local\Programs\Python\Python312\Lib\site-packages\flask_limiter\_extension.py", line 1156, in _check_request_limit
    raise e
  File "C:\Users\joshn\AppData\Local\Programs\Python\Python312\Lib\site-packages\flask_limiter\_extension.py", line 1153, in _check_request_limit
    self.__evaluate_limits(endpoint, all_limits)
  File "C:\Users\joshn\AppData\Local\Programs\Python\Python312\Lib\site-packages\flask_limiter\_extension.py", line 1137, in __evaluate_limits
    raise RateLimitExceeded(
flask_limiter.errors.RateLimitExceeded: 429 Too Many Requests: 5 per 1 minute

During handling of the above exception, another exception occurred:

Traceback (most recent call last):
  File "C:\Users\joshn\AppData\Local\Programs\Python\Python312\Lib\site-packages\flask\app.py", line 1455, in wsgi_app
    response = self.full_dispatch_request()
               ^^^^^^^^^^^^^^^^^^^^^^^^^^^^
  File "C:\Users\joshn\AppData\Local\Programs\Python\Python312\Lib\site-packages\flask\app.py", line 869, in full_dispatch_request
    rv = self.handle_user_exception(e)
         ^^^^^^^^^^^^^^^^^^^^^^^^^^^^^
  File "C:\Users\joshn\AppData\Local\Programs\Python\Python312\Lib\site-packages\flask_cors\extension.py", line 176, in wrapped_function
    return cors_after_request(app.make_response(f(*args, **kwargs)))
                                                ^^^^^^^^^^^^^^^^^^
  File "C:\Users\joshn\AppData\Local\Programs\Python\Python312\Lib\site-packages\flask\app.py", line 752, in handle_user_exception
    return self.handle_http_exception(e)
           ^^^^^^^^^^^^^^^^^^^^^^^^^^^^^
  File "C:\Users\joshn\AppData\Local\Programs\Python\Python312\Lib\site-packages\flask\app.py", line 727, in handle_http_exception
    return self.ensure_sync(handler)(e)
           ^^^^^^^^^^^^^^^^^^^^^^^^^^^^
  File "D:\placements\securin\secure-payment\server\server.py", line 49, in handle_rate
    log_security_event(
TypeError: log_security_event() got an unexpected keyword argument 'event_type'
2026-02-25 22:18:35,612 | INFO |127.0.0.1 - - [25/Feb/2026 22:18:35] "[35m[1mPOST /login HTTP/1.1[0m" 500 -
2026-02-25 22:18:35,658 | INFO |127.0.0.1 - - [25/Feb/2026 22:18:35] "OPTIONS /login HTTP/1.1" 200 -
2026-02-25 22:18:35,782 | ERROR |Exception on /login [POST]
Traceback (most recent call last):
  File "C:\Users\joshn\AppData\Local\Programs\Python\Python312\Lib\site-packages\flask\app.py", line 867, in full_dispatch_request
    rv = self.dispatch_request()
         ^^^^^^^^^^^^^^^^^^^^^^^
  File "C:\Users\joshn\AppData\Local\Programs\Python\Python312\Lib\site-packages\flask\app.py", line 852, in dispatch_request
    return self.ensure_sync(self.view_functions[rule.endpoint])(**view_args)
           ^^^^^^^^^^^^^^^^^^^^^^^^^^^^^^^^^^^^^^^^^^^^^^^^^^^^^^^^^^^^^^^^^
  File "C:\Users\joshn\AppData\Local\Programs\Python\Python312\Lib\site-packages\flask_limiter\_limits.py", line 324, in __inner
    self.limiter._check_request_limit(in_middleware=False, callable_name=name)
  File "C:\Users\joshn\AppData\Local\Programs\Python\Python312\Lib\site-packages\flask_limiter\_extension.py", line 1156, in _check_request_limit
    raise e
  File "C:\Users\joshn\AppData\Local\Programs\Python\Python312\Lib\site-packages\flask_limiter\_extension.py", line 1153, in _check_request_limit
    self.__evaluate_limits(endpoint, all_limits)
  File "C:\Users\joshn\AppData\Local\Programs\Python\Python312\Lib\site-packages\flask_limiter\_extension.py", line 1137, in __evaluate_limits
    raise RateLimitExceeded(
flask_limiter.errors.RateLimitExceeded: 429 Too Many Requests: 5 per 1 minute

During handling of the above exception, another exception occurred:

Traceback (most recent call last):
  File "C:\Users\joshn\AppData\Local\Programs\Python\Python312\Lib\site-packages\flask\app.py", line 1455, in wsgi_app
    response = self.full_dispatch_request()
               ^^^^^^^^^^^^^^^^^^^^^^^^^^^^
  File "C:\Users\joshn\AppData\Local\Programs\Python\Python312\Lib\site-packages\flask\app.py", line 869, in full_dispatch_request
    rv = self.handle_user_exception(e)
         ^^^^^^^^^^^^^^^^^^^^^^^^^^^^^
  File "C:\Users\joshn\AppData\Local\Programs\Python\Python312\Lib\site-packages\flask_cors\extension.py", line 176, in wrapped_function
    return cors_after_request(app.make_response(f(*args, **kwargs)))
                                                ^^^^^^^^^^^^^^^^^^
  File "C:\Users\joshn\AppData\Local\Programs\Python\Python312\Lib\site-packages\flask\app.py", line 752, in handle_user_exception
    return self.handle_http_exception(e)
           ^^^^^^^^^^^^^^^^^^^^^^^^^^^^^
  File "C:\Users\joshn\AppData\Local\Programs\Python\Python312\Lib\site-packages\flask\app.py", line 727, in handle_http_exception
    return self.ensure_sync(handler)(e)
           ^^^^^^^^^^^^^^^^^^^^^^^^^^^^
  File "D:\placements\securin\secure-payment\server\server.py", line 49, in handle_rate
    log_security_event(
TypeError: log_security_event() got an unexpected keyword argument 'event_type'
2026-02-25 22:18:35,786 | INFO |127.0.0.1 - - [25/Feb/2026 22:18:35] "[35m[1mPOST /login HTTP/1.1[0m" 500 -
2026-02-25 22:18:35,813 | INFO |127.0.0.1 - - [25/Feb/2026 22:18:35] "OPTIONS /login HTTP/1.1" 200 -
2026-02-25 22:18:36,017 | ERROR |Exception on /login [POST]
Traceback (most recent call last):
  File "C:\Users\joshn\AppData\Local\Programs\Python\Python312\Lib\site-packages\flask\app.py", line 867, in full_dispatch_request
    rv = self.dispatch_request()
         ^^^^^^^^^^^^^^^^^^^^^^^
  File "C:\Users\joshn\AppData\Local\Programs\Python\Python312\Lib\site-packages\flask\app.py", line 852, in dispatch_request
    return self.ensure_sync(self.view_functions[rule.endpoint])(**view_args)
           ^^^^^^^^^^^^^^^^^^^^^^^^^^^^^^^^^^^^^^^^^^^^^^^^^^^^^^^^^^^^^^^^^
  File "C:\Users\joshn\AppData\Local\Programs\Python\Python312\Lib\site-packages\flask_limiter\_limits.py", line 324, in __inner
    self.limiter._check_request_limit(in_middleware=False, callable_name=name)
  File "C:\Users\joshn\AppData\Local\Programs\Python\Python312\Lib\site-packages\flask_limiter\_extension.py", line 1156, in _check_request_limit
    raise e
  File "C:\Users\joshn\AppData\Local\Programs\Python\Python312\Lib\site-packages\flask_limiter\_extension.py", line 1153, in _check_request_limit
    self.__evaluate_limits(endpoint, all_limits)
  File "C:\Users\joshn\AppData\Local\Programs\Python\Python312\Lib\site-packages\flask_limiter\_extension.py", line 1137, in __evaluate_limits
    raise RateLimitExceeded(
flask_limiter.errors.RateLimitExceeded: 429 Too Many Requests: 5 per 1 minute

During handling of the above exception, another exception occurred:

Traceback (most recent call last):
  File "C:\Users\joshn\AppData\Local\Programs\Python\Python312\Lib\site-packages\flask\app.py", line 1455, in wsgi_app
    response = self.full_dispatch_request()
               ^^^^^^^^^^^^^^^^^^^^^^^^^^^^
  File "C:\Users\joshn\AppData\Local\Programs\Python\Python312\Lib\site-packages\flask\app.py", line 869, in full_dispatch_request
    rv = self.handle_user_exception(e)
         ^^^^^^^^^^^^^^^^^^^^^^^^^^^^^
  File "C:\Users\joshn\AppData\Local\Programs\Python\Python312\Lib\site-packages\flask_cors\extension.py", line 176, in wrapped_function
    return cors_after_request(app.make_response(f(*args, **kwargs)))
                                                ^^^^^^^^^^^^^^^^^^
  File "C:\Users\joshn\AppData\Local\Programs\Python\Python312\Lib\site-packages\flask\app.py", line 752, in handle_user_exception
    return self.handle_http_exception(e)
           ^^^^^^^^^^^^^^^^^^^^^^^^^^^^^
  File "C:\Users\joshn\AppData\Local\Programs\Python\Python312\Lib\site-packages\flask\app.py", line 727, in handle_http_exception
    return self.ensure_sync(handler)(e)
           ^^^^^^^^^^^^^^^^^^^^^^^^^^^^
  File "D:\placements\securin\secure-payment\server\server.py", line 49, in handle_rate
    log_security_event(
TypeError: log_security_event() got an unexpected keyword argument 'event_type'
2026-02-25 22:18:36,021 | INFO |127.0.0.1 - - [25/Feb/2026 22:18:36] "[35m[1mPOST /login HTTP/1.1[0m" 500 -
2026-02-25 22:25:06,999 | INFO |[31m[1mWARNING: This is a development server. Do not use it in a production deployment. Use a production WSGI server instead.[0m
 * Running on http://127.0.0.1:5000
2026-02-25 22:25:07,000 | INFO |[33mPress CTRL+C to quit[0m
2026-02-25 22:25:19,534 | INFO |127.0.0.1 - - [25/Feb/2026 22:25:19] "OPTIONS /login HTTP/1.1" 200 -
2026-02-25 22:25:19,666 | INFO |127.0.0.1 - - [25/Feb/2026 22:25:19] "OPTIONS /login HTTP/1.1" 200 -
2026-02-25 22:25:19,787 | INFO |127.0.0.1 - - [25/Feb/2026 22:25:19] "OPTIONS /login HTTP/1.1" 200 -
2026-02-25 22:25:19,851 | INFO |127.0.0.1 - - [25/Feb/2026 22:25:19] "OPTIONS /login HTTP/1.1" 200 -
2026-02-25 22:25:19,980 | WARNING |event=FAILED LOGIN | user=23102086@rmd.ac.in | details=Incorrect password
2026-02-25 22:25:19,981 | INFO |127.0.0.1 - - [25/Feb/2026 22:25:19] "[31m[1mPOST /login HTTP/1.1[0m" 400 -
2026-02-25 22:25:20,025 | INFO |127.0.0.1 - - [25/Feb/2026 22:25:20] "OPTIONS /login HTTP/1.1" 200 -
2026-02-25 22:25:20,078 | WARNING |event=FAILED LOGIN | user=23102086@rmd.ac.in | details=Incorrect password
2026-02-25 22:25:20,079 | INFO |127.0.0.1 - - [25/Feb/2026 22:25:20] "[31m[1mPOST /login HTTP/1.1[0m" 400 -
2026-02-25 22:25:20,203 | INFO |127.0.0.1 - - [25/Feb/2026 22:25:20] "OPTIONS /login HTTP/1.1" 200 -
2026-02-25 22:25:20,325 | WARNING |event=FAILED LOGIN | user=23102086@rmd.ac.in | details=Incorrect password
2026-02-25 22:25:20,327 | INFO |127.0.0.1 - - [25/Feb/2026 22:25:20] "[31m[1mPOST /login HTTP/1.1[0m" 400 -
2026-02-25 22:25:20,345 | WARNING |event=RATE_LIMITED_LOGIN | details=Login rate limit exceeded
2026-02-25 22:25:20,346 | INFO |127.0.0.1 - - [25/Feb/2026 22:25:20] "[31m[1mPOST /login HTTP/1.1[0m" 429 -
2026-02-25 22:25:20,355 | WARNING |event=FAILED LOGIN | user=23102086@rmd.ac.in | details=Incorrect password
2026-02-25 22:25:20,356 | INFO |127.0.0.1 - - [25/Feb/2026 22:25:20] "[31m[1mPOST /login HTTP/1.1[0m" 400 -
2026-02-25 22:25:20,385 | WARNING |event=FAILED LOGIN | user=23102086@rmd.ac.in | details=Incorrect password
2026-02-25 22:25:20,386 | INFO |127.0.0.1 - - [25/Feb/2026 22:25:20] "[31m[1mPOST /login HTTP/1.1[0m" 400 -
2026-02-25 22:25:20,994 | INFO |127.0.0.1 - - [25/Feb/2026 22:25:20] "OPTIONS /login HTTP/1.1" 200 -
2026-02-25 22:25:20,999 | WARNING |event=RATE_LIMITED_LOGIN | details=Login rate limit exceeded
2026-02-25 22:25:20,999 | INFO |127.0.0.1 - - [25/Feb/2026 22:25:20] "[31m[1mPOST /login HTTP/1.1[0m" 429 -
2026-02-25 22:25:21,463 | INFO |127.0.0.1 - - [25/Feb/2026 22:25:21] "OPTIONS /login HTTP/1.1" 200 -
2026-02-25 22:25:21,697 | INFO |127.0.0.1 - - [25/Feb/2026 22:25:21] "OPTIONS /login HTTP/1.1" 200 -
2026-02-25 22:25:21,728 | INFO |127.0.0.1 - - [25/Feb/2026 22:25:21] "OPTIONS /login HTTP/1.1" 200 -
2026-02-25 22:25:21,777 | WARNING |event=RATE_LIMITED_LOGIN | details=Login rate limit exceeded
2026-02-25 22:25:21,778 | INFO |127.0.0.1 - - [25/Feb/2026 22:25:21] "[31m[1mPOST /login HTTP/1.1[0m" 429 -
2026-02-25 22:25:21,884 | INFO |127.0.0.1 - - [25/Feb/2026 22:25:21] "OPTIONS /login HTTP/1.1" 200 -
2026-02-25 22:25:22,011 | WARNING |event=RATE_LIMITED_LOGIN | details=Login rate limit exceeded
2026-02-25 22:25:22,011 | INFO |127.0.0.1 - - [25/Feb/2026 22:25:22] "[31m[1mPOST /login HTTP/1.1[0m" 429 -
2026-02-25 22:25:22,044 | WARNING |event=RATE_LIMITED_LOGIN | details=Login rate limit exceeded
2026-02-25 22:25:22,044 | WARNING |event=RATE_LIMITED_LOGIN | details=Login rate limit exceeded
2026-02-25 22:25:22,045 | INFO |127.0.0.1 - - [25/Feb/2026 22:25:22] "[31m[1mPOST /login HTTP/1.1[0m" 429 -
2026-02-25 22:25:22,046 | INFO |127.0.0.1 - - [25/Feb/2026 22:25:22] "[31m[1mPOST /login HTTP/1.1[0m" 429 -
2026-02-25 22:54:32,495 | INFO |127.0.0.1 - - [25/Feb/2026 22:54:32] "OPTIONS /login HTTP/1.1" 200 -
2026-02-25 22:54:32,980 | WARNING |event=FAILED LOGIN | user=23102086@rmd.ac.in | details=Incorrect password
2026-02-25 22:54:32,984 | INFO |127.0.0.1 - - [25/Feb/2026 22:54:32] "[31m[1mPOST /login HTTP/1.1[0m" 400 -
